Watching for file changes with StatReloader
/home/luis/proyectos/DJANGO/django-auto-motor-app/proyecto_vehiculos_django/vehiculo/views.py changed, reloading.
Performing system checks...

System check identified no issues (0 silenced).
November 14, 2025 - 21:57:20
Django version 5.1.3, using settings 'proyecto_vehiculos_django.settings'
Starting development server at http://127.0.0.1:8004/
Quit the server with CONTROL-C.

Watching for file changes with StatReloader
/home/luis/proyectos/DJANGO/django-auto-motor-app/proyecto_vehiculos_django/vehiculo/views.py changed, reloading.
Performing system checks...

System check identified no issues (0 silenced).
November 14, 2025 - 22:48:42
Django version 5.1.3, using settings 'proyecto_vehiculos_django.settings'
Starting development server at http://127.0.0.1:8004/
Quit the server with CONTROL-C.

Watching for file changes with StatReloader
/home/luis/proyectos/DJANGO/django-auto-motor-app/proyecto_vehiculos_django/vehiculo/views.py changed, reloading.
Performing system checks...

System check identified no issues (0 silenced).
November 14, 2025 - 22:49:18
Django version 5.1.3, using settings 'proyecto_vehiculos_django.settings'
Starting development server at http://127.0.0.1:8004/
Quit the server with CONTROL-C.

Watching for file changes with StatReloader
/home/luis/proyectos/DJANGO/django-auto-motor-app/proyecto_vehiculos_django/vehiculo/views.py changed, reloading.
Performing system checks...

System check identified no issues (0 silenced).
November 14, 2025 - 22:49:50
Django version 5.1.3, using settings 'proyecto_vehiculos_django.settings'
Starting development server at http://127.0.0.1:8004/
Quit the server with CONTROL-C.

Watching for file changes with StatReloader
/home/luis/proyectos/DJANGO/django-auto-motor-app/proyecto_vehiculos_django/vehiculo/views.py changed, reloading.
Performing system checks...

System check identified no issues (0 silenced).
November 14, 2025 - 22:52:08
Django version 5.1.3, using settings 'proyecto_vehiculos_django.settings'
Starting development server at http://127.0.0.1:8004/
Quit the server with CONTROL-C.

Watching for file changes with StatReloader
Performing system checks...

System check identified no issues (0 silenced).
November 14, 2025 - 22:52:10
Django version 5.1.3, using settings 'proyecto_vehiculos_django.settings'
Starting development server at http://127.0.0.1:8004/
Quit the server with CONTROL-C.

